2025-11-01 16:49:26,582 INFO mate.academy.service.AuthenticationServiceImpl:13 Login Method Called!
2025-11-01 16:52:33,221 INFO mate.academy.service.AuthenticationServiceImpl:13 Login Method Called!
2025-11-01 16:52:33,233 INFO mate.academy.service.OrderServiceImpl:32 Successfully retrieved products from shopping cart: [mate.academy.model.Product@78123e82, mate.academy.model.Product@67c33749, mate.academy.model.Product@fba92d3]
2025-11-01 16:58:06,009 INFO mate.academy.service.AuthenticationServiceImpl:13 Login Method Called!
2025-11-01 16:58:06,017 INFO mate.academy.service.OrderServiceImpl:16 Method completeOrder was called. Params: 2
2025-11-01 16:58:06,030 INFO mate.academy.service.OrderServiceImpl:33 Successfully retrieved products from shopping cart. Shopping cart is java.util.stream.ReferencePipeline$3@505fc5a4
2025-11-01 17:00:38,871 INFO mate.academy.service.AuthenticationServiceImpl:13 Login Method Called!
2025-11-01 17:00:38,877 INFO mate.academy.service.OrderServiceImpl:19 Method completeOrder was called. Params: 2
2025-11-01 17:00:38,886 INFO mate.academy.service.OrderServiceImpl:36 Successfully retrieved products from shopping cart. Shopping cart contains: iPhone X, MacBook Air 2020, Xiaomi 12
2025-11-01 17:01:05,993 INFO mate.academy.service.AuthenticationServiceImpl:13 Login Method Called!
2025-11-01 17:01:05,997 INFO mate.academy.service.OrderServiceImpl:19 Method completeOrder was called. Params: 2
2025-11-01 17:01:06,009 INFO mate.academy.service.OrderServiceImpl:36 Successfully retrieved products from shopping cart. Shopping cart contains: iPhone X, MacBook Air 2020, Xiaomi 12
2025-11-01 17:01:39,982 INFO mate.academy.service.AuthenticationServiceImpl:13 Login Method Called!
2025-11-01 17:01:39,987 INFO mate.academy.service.OrderServiceImpl:19 Method completeOrder was called. Params: 2
2025-11-01 17:01:39,998 INFO mate.academy.service.OrderServiceImpl:36 Successfully retrieved products from shopping cart. Shopping cart contains: iPhone X, MacBook Air 2020, Xiaomi 12
2025-11-01 17:02:22,979 INFO mate.academy.service.AuthenticationServiceImpl:13 Login Method Called. Params: bob
2025-11-01 17:02:22,984 INFO mate.academy.service.OrderServiceImpl:19 Method completeOrder was called. Params: 2
2025-11-01 17:02:22,992 INFO mate.academy.service.OrderServiceImpl:36 Successfully retrieved products from shopping cart. Shopping cart contains: iPhone X, MacBook Air 2020, Xiaomi 12
2025-11-01 17:04:19,137 INFO mate.academy.service.AuthenticationServiceImpl:12 Login Method Called. Params: bob
2025-11-01 17:04:19,141 INFO mate.academy.service.OrderServiceImpl:18 Method completeOrder was called. Params: 2
2025-11-01 17:04:19,150 INFO mate.academy.service.OrderServiceImpl:34 Successfully retrieved products from shopping cart. Shopping cart contains: iPhone X, MacBook Air 2020, Xiaomi 12
